P:\BOMBERMAN\DX2DE\DEBUG\YELLOW.XDC
P:\BOMBERMAN\DX2DE\DEBUG\WAYPOINT.XDC
P:\BOMBERMAN\DX2DE\DEBUG\TIME.XDC
P:\BOMBERMAN\DX2DE\DEBUG\TILECHARACTER.XDC
P:\BOMBERMAN\DX2DE\DEBUG\TEXTURESHADER.XDC
P:\BOMBERMAN\DX2DE\DEBUG\TEXTURECLASS.XDC
P:\BOMBERMAN\DX2DE\DEBUG\TEXT.XDC
P:\BOMBERMAN\DX2DE\DEBUG\SYSTEMCLASS.XDC
P:\BOMBERMAN\DX2DE\DEBUG\MAIN.XDC
P:\BOMBERMAN\DX2DE\DEBUG\INPUTOLD.XDC
P:\BOMBERMAN\DX2DE\DEBUG\STATS.XDC
P:\BOMBERMAN\DX2DE\DEBUG\STATIC2D.XDC
P:\BOMBERMAN\DX2DE\DEBUG\SEEKER.XDC
P:\BOMBERMAN\DX2DE\DEBUG\ORTHOGRAPHICCAMERA.XDC
P:\BOMBERMAN\DX2DE\DEBUG\NODE.XDC
P:\BOMBERMAN\DX2DE\DEBUG\MAINMENU.XDC
P:\BOMBERMAN\DX2DE\DEBUG\LOADING.XDC
P:\BOMBERMAN\DX2DE\DEBUG\LEVELMANAGER.XDC
P:\BOMBERMAN\DX2DE\DEBUG\HUD.XDC
P:\BOMBERMAN\DX2DE\DEBUG\HELI.XDC
P:\BOMBERMAN\DX2DE\DEBUG\HELI.OBJ
P:\BOMBERMAN\DX2DE\DEBUG\HUD.OBJ
P:\BOMBERMAN\DX2DE\DEBUG\LEVELMANAGER.OBJ
P:\BOMBERMAN\DX2DE\DEBUG\LOADING.OBJ
P:\BOMBERMAN\DX2DE\DEBUG\MAINMENU.OBJ
P:\BOMBERMAN\DX2DE\DEBUG\NODE.OBJ
P:\BOMBERMAN\DX2DE\DEBUG\ORTHOGRAPHICCAMERA.OBJ
P:\BOMBERMAN\DX2DE\DEBUG\SEEKER.OBJ
P:\BOMBERMAN\DX2DE\DEBUG\STATIC2D.OBJ
P:\BOMBERMAN\DX2DE\DEBUG\STATS.OBJ
P:\BOMBERMAN\DX2DE\DEBUG\INPUTOLD.OBJ
P:\BOMBERMAN\DX2DE\DEBUG\MAIN.OBJ
P:\BOMBERMAN\DX2DE\DEBUG\SYSTEMCLASS.OBJ
P:\BOMBERMAN\DX2DE\DEBUG\TEXT.OBJ
P:\BOMBERMAN\DX2DE\DEBUG\TEXTURECLASS.OBJ
P:\BOMBERMAN\DX2DE\DEBUG\TEXTURESHADER.OBJ
P:\BOMBERMAN\DX2DE\DEBUG\TILECHARACTER.OBJ
P:\BOMBERMAN\DX2DE\DEBUG\TIME.OBJ
P:\BOMBERMAN\DX2DE\DEBUG\WAYPOINT.OBJ
P:\BOMBERMAN\DX2DE\DEBUG\YELLOW.OBJ
P:\BOMBERMAN\DX2DE\DEBUG\UTIL.XDC
P:\BOMBERMAN\DX2DE\DEBUG\TILETYPE.XDC
P:\BOMBERMAN\DX2DE\DEBUG\TEXTBOX.XDC
P:\BOMBERMAN\DX2DE\DEBUG\STARTMENU.XDC
P:\BOMBERMAN\DX2DE\DEBUG\RABBIT.XDC
P:\BOMBERMAN\DX2DE\DEBUG\POWERS.XDC
P:\BOMBERMAN\DX2DE\DEBUG\PATHFINDING.XDC
P:\BOMBERMAN\DX2DE\DEBUG\OLDEDITOR.XDC
P:\BOMBERMAN\DX2DE\DEBUG\NEWEDITOR.XDC
P:\BOMBERMAN\DX2DE\DEBUG\MESSAGEPROMPT.XDC
P:\BOMBERMAN\DX2DE\DEBUG\MENUMENU.XDC
P:\BOMBERMAN\DX2DE\DEBUG\MENUMANAGER.XDC
P:\BOMBERMAN\DX2DE\DEBUG\MADGUY.XDC
P:\BOMBERMAN\DX2DE\DEBUG\MADBOMB.XDC
P:\BOMBERMAN\DX2DE\DEBUG\LEVELSELECT.XDC
P:\BOMBERMAN\DX2DE\DEBUG\LEVELINFO.XDC
P:\BOMBERMAN\DX2DE\DEBUG\LEVELEDITORENVIRONMENT.XDC
P:\BOMBERMAN\DX2DE\DEBUG\LEVELEDITORENEMIES.XDC
P:\BOMBERMAN\DX2DE\DEBUG\LEVELEDITOR.XDC
P:\BOMBERMAN\DX2DE\DEBUG\LDATA.XDC
P:\BOMBERMAN\DX2DE\DEBUG\LDATA.OBJ
P:\BOMBERMAN\DX2DE\DEBUG\LEVELEDITOR.OBJ
P:\BOMBERMAN\DX2DE\DEBUG\LEVELEDITORENEMIES.OBJ
P:\BOMBERMAN\DX2DE\DEBUG\LEVELEDITORENVIRONMENT.OBJ
P:\BOMBERMAN\DX2DE\DEBUG\LEVELINFO.OBJ
P:\BOMBERMAN\DX2DE\DEBUG\LEVELSELECT.OBJ
P:\BOMBERMAN\DX2DE\DEBUG\MADBOMB.OBJ
P:\BOMBERMAN\DX2DE\DEBUG\MADGUY.OBJ
P:\BOMBERMAN\DX2DE\DEBUG\MENUMANAGER.OBJ
P:\BOMBERMAN\DX2DE\DEBUG\MENUMENU.OBJ
P:\BOMBERMAN\DX2DE\DEBUG\MESSAGEPROMPT.OBJ
P:\BOMBERMAN\DX2DE\DEBUG\NEWEDITOR.OBJ
P:\BOMBERMAN\DX2DE\DEBUG\OLDEDITOR.OBJ
P:\BOMBERMAN\DX2DE\DEBUG\PATHFINDING.OBJ
P:\BOMBERMAN\DX2DE\DEBUG\POWERS.OBJ
P:\BOMBERMAN\DX2DE\DEBUG\RABBIT.OBJ
P:\BOMBERMAN\DX2DE\DEBUG\STARTMENU.OBJ
P:\BOMBERMAN\DX2DE\DEBUG\TEXTBOX.OBJ
P:\BOMBERMAN\DX2DE\DEBUG\TILETYPE.OBJ
P:\BOMBERMAN\DX2DE\DEBUG\UTIL.OBJ
P:\BOMBERMAN\DX2DE\DEBUG\LEVEL.XDC
P:\BOMBERMAN\DX2DE\DEBUG\FPS.XDC
P:\BOMBERMAN\DX2DE\DEBUG\FONTSHADEROBSOLETE.XDC
P:\BOMBERMAN\DX2DE\DEBUG\FONT.XDC
P:\BOMBERMAN\DX2DE\DEBUG\FIREMANAGER.XDC
P:\BOMBERMAN\DX2DE\DEBUG\FIRE.XDC
P:\BOMBERMAN\DX2DE\DEBUG\ENEMY.XDC
P:\BOMBERMAN\DX2DE\DEBUG\LEVELEDITORWAYPOINTRENDER.XDC
P:\BOMBERMAN\DX2DE\DEBUG\LEVELDATA.XDC
P:\BOMBERMAN\DX2DE\DEBUG\LEVELBUNDLE.XDC
P:\BOMBERMAN\DX2DE\DEBUG\INPUT.XDC
P:\BOMBERMAN\DX2DE\DEBUG\GUITESTLEVEL.XDC
P:\BOMBERMAN\DX2DE\DEBUG\GLOBAL.XDC
P:\BOMBERMAN\DX2DE\DEBUG\GAMEMENU.XDC
P:\BOMBERMAN\DX2DE\DEBUG\EDITORWAYPOINT.XDC
P:\BOMBERMAN\DX2DE\DEBUG\EDITORTILE.XDC
P:\BOMBERMAN\DX2DE\DEBUG\EDITORMENU.XDC
P:\BOMBERMAN\DX2DE\DEBUG\EDITORGRID.XDC
P:\BOMBERMAN\DX2DE\DEBUG\EDITORCAMERA.XDC
P:\BOMBERMAN\DX2DE\DEBUG\EDITOR.XDC
P:\BOMBERMAN\DX2DE\DEBUG\EDITOR.OBJ
P:\BOMBERMAN\DX2DE\DEBUG\EDITORCAMERA.OBJ
P:\BOMBERMAN\DX2DE\DEBUG\EDITORGRID.OBJ
P:\BOMBERMAN\DX2DE\DEBUG\EDITORMENU.OBJ
P:\BOMBERMAN\DX2DE\DEBUG\EDITORTILE.OBJ
P:\BOMBERMAN\DX2DE\DEBUG\EDITORWAYPOINT.OBJ
P:\BOMBERMAN\DX2DE\DEBUG\GAMEMENU.OBJ
P:\BOMBERMAN\DX2DE\DEBUG\GLOBAL.OBJ
P:\BOMBERMAN\DX2DE\DEBUG\GUITESTLEVEL.OBJ
P:\BOMBERMAN\DX2DE\DEBUG\INPUT.OBJ
P:\BOMBERMAN\DX2DE\DEBUG\LEVELBUNDLE.OBJ
P:\BOMBERMAN\DX2DE\DEBUG\LEVELDATA.OBJ
P:\BOMBERMAN\DX2DE\DEBUG\LEVELEDITORWAYPOINTRENDER.OBJ
P:\BOMBERMAN\DX2DE\DEBUG\ENEMY.OBJ
P:\BOMBERMAN\DX2DE\DEBUG\FIRE.OBJ
P:\BOMBERMAN\DX2DE\DEBUG\FIREMANAGER.OBJ
P:\BOMBERMAN\DX2DE\DEBUG\FONT.OBJ
P:\BOMBERMAN\DX2DE\DEBUG\FONTSHADEROBSOLETE.OBJ
P:\BOMBERMAN\DX2DE\DEBUG\FPS.OBJ
P:\BOMBERMAN\DX2DE\DEBUG\LEVEL.OBJ
P:\BOMBERMAN\DX2DE\DEBUG\EDATA.XDC
P:\BOMBERMAN\DX2DE\DEBUG\DYNAMICDROPDOWN.XDC
P:\BOMBERMAN\DX2DE\DEBUG\BASELEVEL.XDC
P:\BOMBERMAN\DX2DE\DEBUG\D3D.XDC
P:\BOMBERMAN\DX2DE\DEBUG\CURSOR.XDC
P:\BOMBERMAN\DX2DE\DEBUG\CONTINUE.XDC
P:\BOMBERMAN\DX2DE\DEBUG\CONNECTION.XDC
P:\BOMBERMAN\DX2DE\DEBUG\COLLISIONS.XDC
P:\BOMBERMAN\DX2DE\DEBUG\BUTTON.XDC
P:\BOMBERMAN\DX2DE\DEBUG\BUNDLESELECT.XDC
P:\BOMBERMAN\DX2DE\DEBUG\BOMBERMANANIMATION.XDC
P:\BOMBERMAN\DX2DE\DEBUG\BOMBERMAN.XDC
P:\BOMBERMAN\DX2DE\DEBUG\BOMB.XDC
P:\BOMBERMAN\DX2DE\DEBUG\BLUEEYE.XDC
P:\BOMBERMAN\DX2DE\DEBUG\BASENODE.XDC
P:\BOMBERMAN\DX2DE\DEBUG\BASE2D.XDC
P:\BOMBERMAN\DX2DE\DEBUG\BASECAMERA.XDC
P:\BOMBERMAN\DX2DE\DEBUG\AUTODROPDOWN.XDC
P:\BOMBERMAN\DX2DE\DEBUG\ANIMATION.XDC
P:\BOMBERMAN\DX2DE\DEBUG\ANIMATION.OBJ
P:\BOMBERMAN\DX2DE\DEBUG\AUTODROPDOWN.OBJ
P:\BOMBERMAN\DX2DE\DEBUG\BASECAMERA.OBJ
P:\BOMBERMAN\DX2DE\DEBUG\BASE2D.OBJ
P:\BOMBERMAN\DX2DE\DEBUG\VC110.PDB
P:\BOMBERMAN\DX2DE\DEBUG\BUTTON.OBJ
P:\BOMBERMAN\DX2DE\DEBUG\DYNAMICDROPDOWN.OBJ
P:\BOMBERMAN\DX2DE\DEBUG\BASENODE.OBJ
P:\BOMBERMAN\DX2DE\DEBUG\BLUEEYE.OBJ
P:\BOMBERMAN\DX2DE\DEBUG\BUNDLESELECT.OBJ
P:\BOMBERMAN\DX2DE\DEBUG\CONNECTION.OBJ
P:\BOMBERMAN\DX2DE\DEBUG\CONTINUE.OBJ
P:\BOMBERMAN\DX2DE\DEBUG\CURSOR.OBJ
P:\BOMBERMAN\DX2DE\DEBUG\EDATA.OBJ
P:\BOMBERMAN\DX2DE\DEBUG\BASELEVEL.OBJ
P:\BOMBERMAN\DX2DE\DEBUG\BOMB.OBJ
P:\BOMBERMAN\DX2DE\DEBUG\BOMBERMAN.OBJ
P:\BOMBERMAN\DX2DE\DEBUG\BOMBERMANANIMATION.OBJ
P:\BOMBERMAN\DX2DE\DEBUG\COLLISIONS.OBJ
P:\BOMBERMAN\DX2DE\DEBUG\D3D.OBJ
P:\BOMBERMAN\DX2DE\DEBUG\DROPDOWN.XDC
P:\BOMBERMAN\DX2DE\DEBUG\DROPDOWN.OBJ
P:\BOMBERMAN\DX2DE\DEBUG\BUNDLEEDITOR.XDC
P:\BOMBERMAN\DX2DE\DEBUG\BUNDLEEDITOR.OBJ
P:\BOMBERMAN\DX2DE\DEBUG\BASEGRID.XDC
P:\BOMBERMAN\DX2DE\DEBUG\BASEGRID.OBJ
P:\BOMBERMAN\DX2DE\DEBUG\INIREADER.XDC
P:\BOMBERMAN\DX2DE\DEBUG\INIREADER.OBJ
P:\BOMBERMAN\DEBUG\BOMBERMAN.ILK
P:\BOMBERMAN\DEBUG\BOMBERMAN.EXE
P:\BOMBERMAN\DEBUG\BOMBERMAN.PDB
P:\BOMBERMAN\DX2DE\DEBUG\RESOURCE.RES
P:\BOMBERMAN\DEBUG\BOMBERMAN.XML
P:\Bomberman\DX2DE\Debug\animation.obj
P:\Bomberman\DX2DE\Debug\AutoDropdown.obj
P:\Bomberman\DX2DE\Debug\base2D.obj
P:\Bomberman\DX2DE\Debug\basecamera.obj
P:\Bomberman\DX2DE\Debug\BaseGrid.obj
P:\Bomberman\DX2DE\Debug\baselevel.obj
P:\Bomberman\DX2DE\Debug\BaseNode.obj
P:\Bomberman\DX2DE\Debug\BlueEye.obj
P:\Bomberman\DX2DE\Debug\bomb.obj
P:\Bomberman\DX2DE\Debug\bombermanAnimation.obj
P:\Bomberman\DX2DE\Debug\BundleEditor.obj
P:\Bomberman\DX2DE\Debug\BundleSelect.obj
P:\Bomberman\DX2DE\Debug\Button.obj
P:\Bomberman\DX2DE\Debug\collisions.obj
P:\Bomberman\DX2DE\Debug\Connection.obj
P:\Bomberman\DX2DE\Debug\Continue.obj
P:\Bomberman\DX2DE\Debug\Cursor.obj
P:\Bomberman\DX2DE\Debug\d3d.obj
P:\Bomberman\DX2DE\Debug\Dropdown.obj
P:\Bomberman\DX2DE\Debug\DynamicDropdown.obj
P:\Bomberman\DX2DE\Debug\EData.obj
P:\Bomberman\DX2DE\Debug\Editor.obj
P:\Bomberman\DX2DE\Debug\EditorCamera.obj
P:\Bomberman\DX2DE\Debug\EditorGrid.obj
P:\Bomberman\DX2DE\Debug\EditorMenu.obj
P:\Bomberman\DX2DE\Debug\EditorTile.obj
P:\Bomberman\DX2DE\Debug\EditorWaypoint.obj
P:\Bomberman\DX2DE\Debug\Enemy.obj
P:\Bomberman\DX2DE\Debug\fire.obj
P:\Bomberman\DX2DE\Debug\fireManager.obj
P:\Bomberman\DX2DE\Debug\font.obj
P:\Bomberman\DX2DE\Debug\fontshaderOBSOLETE.obj
P:\Bomberman\DX2DE\Debug\fps.obj
P:\Bomberman\DX2DE\Debug\GameMenu.obj
P:\Bomberman\DX2DE\Debug\Global.obj
P:\Bomberman\DX2DE\Debug\GUITestLevel.obj
P:\Bomberman\DX2DE\Debug\heli.obj
P:\Bomberman\DX2DE\Debug\HUD.obj
P:\Bomberman\DX2DE\Debug\INIReader.obj
P:\Bomberman\DX2DE\Debug\Input.obj
P:\Bomberman\DX2DE\Debug\inputOLD.obj
P:\Bomberman\DX2DE\Debug\LData.obj
P:\Bomberman\DX2DE\Debug\Level.obj
P:\Bomberman\DX2DE\Debug\LevelBundle.obj
P:\Bomberman\DX2DE\Debug\LevelData.obj
P:\Bomberman\DX2DE\Debug\LevelEditor.obj
P:\Bomberman\DX2DE\Debug\LevelEditorEnemies.obj
P:\Bomberman\DX2DE\Debug\LevelEditorEnvironment.obj
P:\Bomberman\DX2DE\Debug\LevelEditorWaypointRender.obj
P:\Bomberman\DX2DE\Debug\LevelInfo.obj
P:\Bomberman\DX2DE\Debug\levelManager.obj
P:\Bomberman\DX2DE\Debug\LevelSelect.obj
P:\Bomberman\DX2DE\Debug\loading.obj
P:\Bomberman\DX2DE\Debug\MadBomb.obj
P:\Bomberman\DX2DE\Debug\MadGuy.obj
P:\Bomberman\DX2DE\Debug\main.obj
P:\Bomberman\DX2DE\Debug\MainMenu.obj
P:\Bomberman\DX2DE\Debug\MenuManager.obj
P:\Bomberman\DX2DE\Debug\MenuMenu.obj
P:\Bomberman\DX2DE\Debug\MessagePrompt.obj
P:\Bomberman\DX2DE\Debug\NewEditor.obj
P:\Bomberman\DX2DE\Debug\Node.obj
P:\Bomberman\DX2DE\Debug\OldEditor.obj
P:\Bomberman\DX2DE\Debug\orthographiccamera.obj
P:\Bomberman\DX2DE\Debug\Pathfinding.obj
P:\Bomberman\DX2DE\Debug\Powers.obj
P:\Bomberman\DX2DE\Debug\Rabbit.obj
P:\Bomberman\DX2DE\Debug\Seeker.obj
P:\Bomberman\DX2DE\Debug\StartMenu.obj
P:\Bomberman\DX2DE\Debug\static2D.obj
P:\Bomberman\DX2DE\Debug\stats.obj
P:\Bomberman\DX2DE\Debug\systemclass.obj
P:\Bomberman\DX2DE\Debug\text.obj
P:\Bomberman\DX2DE\Debug\TextBox.obj
P:\Bomberman\DX2DE\Debug\textureclass.obj
P:\Bomberman\DX2DE\Debug\textureshader.obj
P:\Bomberman\DX2DE\Debug\tileCharacter.obj
P:\Bomberman\DX2DE\Debug\TileType.obj
P:\Bomberman\DX2DE\Debug\time.obj
P:\Bomberman\DX2DE\Debug\Util.obj
P:\Bomberman\DX2DE\Debug\Waypoint.obj
P:\Bomberman\DX2DE\Debug\yellow.obj
P:\Bomberman\DX2DE\Debug\cl.command.1.tlog
P:\Bomberman\DX2DE\Debug\CL.read.1.tlog
P:\Bomberman\DX2DE\Debug\CL.write.1.tlog
P:\Bomberman\DX2DE\Debug\link-cvtres.read.1.tlog
P:\Bomberman\DX2DE\Debug\link-cvtres.write.1.tlog
P:\Bomberman\DX2DE\Debug\link-rc.read.1.tlog
P:\Bomberman\DX2DE\Debug\link-rc.write.1.tlog
P:\Bomberman\DX2DE\Debug\link.1260-cvtres.read.1.tlog
P:\Bomberman\DX2DE\Debug\link.1260-cvtres.write.1.tlog
P:\Bomberman\DX2DE\Debug\link.1260-rc.read.1.tlog
P:\Bomberman\DX2DE\Debug\link.1260-rc.write.1.tlog
P:\Bomberman\DX2DE\Debug\link.1260.read.1.tlog
P:\Bomberman\DX2DE\Debug\link.1260.write.1.tlog
P:\Bomberman\DX2DE\Debug\link.2144-cvtres.read.1.tlog
P:\Bomberman\DX2DE\Debug\link.2144-cvtres.write.1.tlog
P:\Bomberman\DX2DE\Debug\link.2144-rc.read.1.tlog
P:\Bomberman\DX2DE\Debug\link.2144-rc.write.1.tlog
P:\Bomberman\DX2DE\Debug\link.2144.read.1.tlog
P:\Bomberman\DX2DE\Debug\link.2144.write.1.tlog
P:\Bomberman\DX2DE\Debug\link.2508-cvtres.read.1.tlog
P:\Bomberman\DX2DE\Debug\link.2508-cvtres.write.1.tlog
P:\Bomberman\DX2DE\Debug\link.2508-rc.read.1.tlog
P:\Bomberman\DX2DE\Debug\link.2508-rc.write.1.tlog
P:\Bomberman\DX2DE\Debug\link.2508.read.1.tlog
P:\Bomberman\DX2DE\Debug\link.2508.write.1.tlog
P:\Bomberman\DX2DE\Debug\link.2836-cvtres.read.1.tlog
P:\Bomberman\DX2DE\Debug\link.2836-cvtres.write.1.tlog
P:\Bomberman\DX2DE\Debug\link.2836-rc.read.1.tlog
P:\Bomberman\DX2DE\Debug\link.2836-rc.write.1.tlog
P:\Bomberman\DX2DE\Debug\link.2836.read.1.tlog
P:\Bomberman\DX2DE\Debug\link.2836.write.1.tlog
P:\Bomberman\DX2DE\Debug\link.3008-cvtres.read.1.tlog
P:\Bomberman\DX2DE\Debug\link.3008-cvtres.write.1.tlog
P:\Bomberman\DX2DE\Debug\link.3008-rc.read.1.tlog
P:\Bomberman\DX2DE\Debug\link.3008-rc.write.1.tlog
P:\Bomberman\DX2DE\Debug\link.3008.read.1.tlog
P:\Bomberman\DX2DE\Debug\link.3008.write.1.tlog
P:\Bomberman\DX2DE\Debug\link.3060-cvtres.read.1.tlog
P:\Bomberman\DX2DE\Debug\link.3060-cvtres.write.1.tlog
P:\Bomberman\DX2DE\Debug\link.3060-rc.read.1.tlog
P:\Bomberman\DX2DE\Debug\link.3060-rc.write.1.tlog
P:\Bomberman\DX2DE\Debug\link.3060.read.1.tlog
P:\Bomberman\DX2DE\Debug\link.3060.write.1.tlog
P:\Bomberman\DX2DE\Debug\link.3284-cvtres.read.1.tlog
P:\Bomberman\DX2DE\Debug\link.3284-cvtres.write.1.tlog
P:\Bomberman\DX2DE\Debug\link.3284-rc.read.1.tlog
P:\Bomberman\DX2DE\Debug\link.3284-rc.write.1.tlog
P:\Bomberman\DX2DE\Debug\link.3284.read.1.tlog
P:\Bomberman\DX2DE\Debug\link.3284.write.1.tlog
P:\Bomberman\DX2DE\Debug\link.3312-cvtres.read.1.tlog
P:\Bomberman\DX2DE\Debug\link.3312-cvtres.write.1.tlog
P:\Bomberman\DX2DE\Debug\link.3312-rc.read.1.tlog
P:\Bomberman\DX2DE\Debug\link.3312-rc.write.1.tlog
P:\Bomberman\DX2DE\Debug\link.3312.read.1.tlog
P:\Bomberman\DX2DE\Debug\link.3312.write.1.tlog
P:\Bomberman\DX2DE\Debug\link.3404-cvtres.read.1.tlog
P:\Bomberman\DX2DE\Debug\link.3404-cvtres.write.1.tlog
P:\Bomberman\DX2DE\Debug\link.3404-rc.read.1.tlog
P:\Bomberman\DX2DE\Debug\link.3404-rc.write.1.tlog
P:\Bomberman\DX2DE\Debug\link.3404.read.1.tlog
P:\Bomberman\DX2DE\Debug\link.3404.write.1.tlog
P:\Bomberman\DX2DE\Debug\link.3528-cvtres.read.1.tlog
P:\Bomberman\DX2DE\Debug\link.3528-cvtres.write.1.tlog
P:\Bomberman\DX2DE\Debug\link.3528-rc.read.1.tlog
P:\Bomberman\DX2DE\Debug\link.3528-rc.write.1.tlog
P:\Bomberman\DX2DE\Debug\link.3528.read.1.tlog
P:\Bomberman\DX2DE\Debug\link.3528.write.1.tlog
P:\Bomberman\DX2DE\Debug\link.3636-cvtres.read.1.tlog
P:\Bomberman\DX2DE\Debug\link.3636-cvtres.write.1.tlog
P:\Bomberman\DX2DE\Debug\link.3636-rc.read.1.tlog
P:\Bomberman\DX2DE\Debug\link.3636-rc.write.1.tlog
P:\Bomberman\DX2DE\Debug\link.3636.read.1.tlog
P:\Bomberman\DX2DE\Debug\link.3636.write.1.tlog
P:\Bomberman\DX2DE\Debug\link.3652-cvtres.read.1.tlog
P:\Bomberman\DX2DE\Debug\link.3652-cvtres.write.1.tlog
P:\Bomberman\DX2DE\Debug\link.3652-rc.read.1.tlog
P:\Bomberman\DX2DE\Debug\link.3652-rc.write.1.tlog
P:\Bomberman\DX2DE\Debug\link.3652.read.1.tlog
P:\Bomberman\DX2DE\Debug\link.3652.write.1.tlog
P:\Bomberman\DX2DE\Debug\link.3732-cvtres.read.1.tlog
P:\Bomberman\DX2DE\Debug\link.3732-cvtres.write.1.tlog
P:\Bomberman\DX2DE\Debug\link.3732-rc.read.1.tlog
P:\Bomberman\DX2DE\Debug\link.3732-rc.write.1.tlog
P:\Bomberman\DX2DE\Debug\link.3732.read.1.tlog
P:\Bomberman\DX2DE\Debug\link.3732.write.1.tlog
P:\Bomberman\DX2DE\Debug\link.3772-cvtres.read.1.tlog
P:\Bomberman\DX2DE\Debug\link.3772-cvtres.write.1.tlog
P:\Bomberman\DX2DE\Debug\link.3772-rc.read.1.tlog
P:\Bomberman\DX2DE\Debug\link.3772-rc.write.1.tlog
P:\Bomberman\DX2DE\Debug\link.3772.read.1.tlog
P:\Bomberman\DX2DE\Debug\link.3772.write.1.tlog
P:\Bomberman\DX2DE\Debug\link.3844-cvtres.read.1.tlog
P:\Bomberman\DX2DE\Debug\link.3844-cvtres.write.1.tlog
P:\Bomberman\DX2DE\Debug\link.3844-rc.read.1.tlog
P:\Bomberman\DX2DE\Debug\link.3844-rc.write.1.tlog
P:\Bomberman\DX2DE\Debug\link.3844.read.1.tlog
P:\Bomberman\DX2DE\Debug\link.3844.write.1.tlog
P:\Bomberman\DX2DE\Debug\link.3944-cvtres.read.1.tlog
P:\Bomberman\DX2DE\Debug\link.3944-cvtres.write.1.tlog
P:\Bomberman\DX2DE\Debug\link.3944-rc.read.1.tlog
P:\Bomberman\DX2DE\Debug\link.3944-rc.write.1.tlog
P:\Bomberman\DX2DE\Debug\link.3944.read.1.tlog
P:\Bomberman\DX2DE\Debug\link.3944.write.1.tlog
P:\Bomberman\DX2DE\Debug\link.3972-cvtres.read.1.tlog
P:\Bomberman\DX2DE\Debug\link.3972-cvtres.write.1.tlog
P:\Bomberman\DX2DE\Debug\link.3972-rc.read.1.tlog
P:\Bomberman\DX2DE\Debug\link.3972-rc.write.1.tlog
P:\Bomberman\DX2DE\Debug\link.3972.read.1.tlog
P:\Bomberman\DX2DE\Debug\link.3972.write.1.tlog
P:\Bomberman\DX2DE\Debug\link.4108-cvtres.read.1.tlog
P:\Bomberman\DX2DE\Debug\link.4108-cvtres.write.1.tlog
P:\Bomberman\DX2DE\Debug\link.4108-rc.read.1.tlog
P:\Bomberman\DX2DE\Debug\link.4108-rc.write.1.tlog
P:\Bomberman\DX2DE\Debug\link.4108.read.1.tlog
P:\Bomberman\DX2DE\Debug\link.4108.write.1.tlog
P:\Bomberman\DX2DE\Debug\link.4128-cvtres.read.1.tlog
P:\Bomberman\DX2DE\Debug\link.4128-cvtres.write.1.tlog
P:\Bomberman\DX2DE\Debug\link.4128-rc.read.1.tlog
P:\Bomberman\DX2DE\Debug\link.4128-rc.write.1.tlog
P:\Bomberman\DX2DE\Debug\link.4128.read.1.tlog
P:\Bomberman\DX2DE\Debug\link.4128.write.1.tlog
P:\Bomberman\DX2DE\Debug\link.4140-cvtres.read.1.tlog
P:\Bomberman\DX2DE\Debug\link.4140-cvtres.write.1.tlog
P:\Bomberman\DX2DE\Debug\link.4140-rc.read.1.tlog
P:\Bomberman\DX2DE\Debug\link.4140-rc.write.1.tlog
P:\Bomberman\DX2DE\Debug\link.4140.read.1.tlog
P:\Bomberman\DX2DE\Debug\link.4140.write.1.tlog
P:\Bomberman\DX2DE\Debug\link.4184-cvtres.read.1.tlog
P:\Bomberman\DX2DE\Debug\link.4184-cvtres.write.1.tlog
P:\Bomberman\DX2DE\Debug\link.4184-rc.read.1.tlog
P:\Bomberman\DX2DE\Debug\link.4184-rc.write.1.tlog
P:\Bomberman\DX2DE\Debug\link.4184.read.1.tlog
P:\Bomberman\DX2DE\Debug\link.4184.write.1.tlog
P:\Bomberman\DX2DE\Debug\link.4256-cvtres.read.1.tlog
P:\Bomberman\DX2DE\Debug\link.4256-cvtres.write.1.tlog
P:\Bomberman\DX2DE\Debug\link.4256-rc.read.1.tlog
P:\Bomberman\DX2DE\Debug\link.4256-rc.write.1.tlog
P:\Bomberman\DX2DE\Debug\link.4256.read.1.tlog
P:\Bomberman\DX2DE\Debug\link.4256.write.1.tlog
P:\Bomberman\DX2DE\Debug\link.4268-cvtres.read.1.tlog
P:\Bomberman\DX2DE\Debug\link.4268-cvtres.write.1.tlog
P:\Bomberman\DX2DE\Debug\link.4268-rc.read.1.tlog
P:\Bomberman\DX2DE\Debug\link.4268-rc.write.1.tlog
P:\Bomberman\DX2DE\Debug\link.4268.read.1.tlog
P:\Bomberman\DX2DE\Debug\link.4268.write.1.tlog
P:\Bomberman\DX2DE\Debug\link.4332-cvtres.read.1.tlog
P:\Bomberman\DX2DE\Debug\link.4332-cvtres.write.1.tlog
P:\Bomberman\DX2DE\Debug\link.4332-rc.read.1.tlog
P:\Bomberman\DX2DE\Debug\link.4332-rc.write.1.tlog
P:\Bomberman\DX2DE\Debug\link.4332.read.1.tlog
P:\Bomberman\DX2DE\Debug\link.4332.write.1.tlog
P:\Bomberman\DX2DE\Debug\link.4420-cvtres.read.1.tlog
P:\Bomberman\DX2DE\Debug\link.4420-cvtres.write.1.tlog
P:\Bomberman\DX2DE\Debug\link.4420-rc.read.1.tlog
P:\Bomberman\DX2DE\Debug\link.4420-rc.write.1.tlog
P:\Bomberman\DX2DE\Debug\link.4420.read.1.tlog
P:\Bomberman\DX2DE\Debug\link.4420.write.1.tlog
P:\Bomberman\DX2DE\Debug\link.4444-cvtres.read.1.tlog
P:\Bomberman\DX2DE\Debug\link.4444-cvtres.write.1.tlog
P:\Bomberman\DX2DE\Debug\link.4444-rc.read.1.tlog
P:\Bomberman\DX2DE\Debug\link.4444-rc.write.1.tlog
P:\Bomberman\DX2DE\Debug\link.4444.read.1.tlog
P:\Bomberman\DX2DE\Debug\link.4444.write.1.tlog
P:\Bomberman\DX2DE\Debug\link.4472-cvtres.read.1.tlog
P:\Bomberman\DX2DE\Debug\link.4472-cvtres.write.1.tlog
P:\Bomberman\DX2DE\Debug\link.4472-rc.read.1.tlog
P:\Bomberman\DX2DE\Debug\link.4472-rc.write.1.tlog
P:\Bomberman\DX2DE\Debug\link.4472.read.1.tlog
P:\Bomberman\DX2DE\Debug\link.4472.write.1.tlog
P:\Bomberman\DX2DE\Debug\link.4588-cvtres.read.1.tlog
P:\Bomberman\DX2DE\Debug\link.4588-cvtres.write.1.tlog
P:\Bomberman\DX2DE\Debug\link.4588-rc.read.1.tlog
P:\Bomberman\DX2DE\Debug\link.4588-rc.write.1.tlog
P:\Bomberman\DX2DE\Debug\link.4588.read.1.tlog
P:\Bomberman\DX2DE\Debug\link.4588.write.1.tlog
P:\Bomberman\DX2DE\Debug\link.4656-cvtres.read.1.tlog
P:\Bomberman\DX2DE\Debug\link.4656-cvtres.write.1.tlog
P:\Bomberman\DX2DE\Debug\link.4656-rc.read.1.tlog
P:\Bomberman\DX2DE\Debug\link.4656-rc.write.1.tlog
P:\Bomberman\DX2DE\Debug\link.4656.read.1.tlog
P:\Bomberman\DX2DE\Debug\link.4656.write.1.tlog
P:\Bomberman\DX2DE\Debug\link.4676-cvtres.read.1.tlog
P:\Bomberman\DX2DE\Debug\link.4676-cvtres.write.1.tlog
P:\Bomberman\DX2DE\Debug\link.4676-rc.read.1.tlog
P:\Bomberman\DX2DE\Debug\link.4676-rc.write.1.tlog
P:\Bomberman\DX2DE\Debug\link.4676.read.1.tlog
P:\Bomberman\DX2DE\Debug\link.4676.write.1.tlog
P:\Bomberman\DX2DE\Debug\link.4696-cvtres.read.1.tlog
P:\Bomberman\DX2DE\Debug\link.4696-cvtres.write.1.tlog
P:\Bomberman\DX2DE\Debug\link.4696-rc.read.1.tlog
P:\Bomberman\DX2DE\Debug\link.4696-rc.write.1.tlog
P:\Bomberman\DX2DE\Debug\link.4696.read.1.tlog
P:\Bomberman\DX2DE\Debug\link.4696.write.1.tlog
P:\Bomberman\DX2DE\Debug\link.4764-cvtres.read.1.tlog
P:\Bomberman\DX2DE\Debug\link.4764-cvtres.write.1.tlog
P:\Bomberman\DX2DE\Debug\link.4764-rc.read.1.tlog
P:\Bomberman\DX2DE\Debug\link.4764-rc.write.1.tlog
P:\Bomberman\DX2DE\Debug\link.4764.read.1.tlog
P:\Bomberman\DX2DE\Debug\link.4764.write.1.tlog
P:\Bomberman\DX2DE\Debug\link.4776-cvtres.read.1.tlog
P:\Bomberman\DX2DE\Debug\link.4776-cvtres.write.1.tlog
P:\Bomberman\DX2DE\Debug\link.4776-rc.read.1.tlog
P:\Bomberman\DX2DE\Debug\link.4776-rc.write.1.tlog
P:\Bomberman\DX2DE\Debug\link.4776.read.1.tlog
P:\Bomberman\DX2DE\Debug\link.4776.write.1.tlog
P:\Bomberman\DX2DE\Debug\link.4880-cvtres.read.1.tlog
P:\Bomberman\DX2DE\Debug\link.4880-cvtres.write.1.tlog
P:\Bomberman\DX2DE\Debug\link.4880-rc.read.1.tlog
P:\Bomberman\DX2DE\Debug\link.4880-rc.write.1.tlog
P:\Bomberman\DX2DE\Debug\link.4880.read.1.tlog
P:\Bomberman\DX2DE\Debug\link.4880.write.1.tlog
P:\Bomberman\DX2DE\Debug\link.4888-cvtres.read.1.tlog
P:\Bomberman\DX2DE\Debug\link.4888-cvtres.write.1.tlog
P:\Bomberman\DX2DE\Debug\link.4888-rc.read.1.tlog
P:\Bomberman\DX2DE\Debug\link.4888-rc.write.1.tlog
P:\Bomberman\DX2DE\Debug\link.4888.read.1.tlog
P:\Bomberman\DX2DE\Debug\link.4888.write.1.tlog
P:\Bomberman\DX2DE\Debug\link.5024-cvtres.read.1.tlog
P:\Bomberman\DX2DE\Debug\link.5024-cvtres.write.1.tlog
P:\Bomberman\DX2DE\Debug\link.5024-rc.read.1.tlog
P:\Bomberman\DX2DE\Debug\link.5024-rc.write.1.tlog
P:\Bomberman\DX2DE\Debug\link.5024.read.1.tlog
P:\Bomberman\DX2DE\Debug\link.5024.write.1.tlog
P:\Bomberman\DX2DE\Debug\link.5064-cvtres.read.1.tlog
P:\Bomberman\DX2DE\Debug\link.5064-cvtres.write.1.tlog
P:\Bomberman\DX2DE\Debug\link.5064-rc.read.1.tlog
P:\Bomberman\DX2DE\Debug\link.5064-rc.write.1.tlog
P:\Bomberman\DX2DE\Debug\link.5064.read.1.tlog
P:\Bomberman\DX2DE\Debug\link.5064.write.1.tlog
P:\Bomberman\DX2DE\Debug\link.5188-cvtres.read.1.tlog
P:\Bomberman\DX2DE\Debug\link.5188-cvtres.write.1.tlog
P:\Bomberman\DX2DE\Debug\link.5188-rc.read.1.tlog
P:\Bomberman\DX2DE\Debug\link.5188-rc.write.1.tlog
P:\Bomberman\DX2DE\Debug\link.5188.read.1.tlog
P:\Bomberman\DX2DE\Debug\link.5188.write.1.tlog
P:\Bomberman\DX2DE\Debug\link.command.1.tlog
P:\Bomberman\DX2DE\Debug\link.read.1.tlog
P:\Bomberman\DX2DE\Debug\link.write.1.tlog
P:\Bomberman\DX2DE\Debug\rc.command.1.tlog
P:\Bomberman\DX2DE\Debug\rc.read.1.tlog
P:\Bomberman\DX2DE\Debug\rc.write.1.tlog
P:\Bomberman\DX2DE\Debug\XDCMake.command.1.tlog
P:\Bomberman\DX2DE\Debug\xdcmake.read.1.tlog
P:\Bomberman\DX2DE\Debug\xdcmake.write.1.tlog
P:\Bomberman\DX2DE\Debug\Resource.res
P:\Bomberman\DX2DE\Debug\vc110.idb
P:\Bomberman\DX2DE\Debug\animation.xdc
P:\Bomberman\DX2DE\Debug\AutoDropdown.xdc
P:\Bomberman\DX2DE\Debug\base2D.xdc
P:\Bomberman\DX2DE\Debug\basecamera.xdc
P:\Bomberman\DX2DE\Debug\BaseGrid.xdc
P:\Bomberman\DX2DE\Debug\baselevel.xdc
P:\Bomberman\DX2DE\Debug\BaseNode.xdc
P:\Bomberman\DX2DE\Debug\BlueEye.xdc
P:\Bomberman\DX2DE\Debug\bomb.xdc
P:\Bomberman\DX2DE\Debug\bomberman.xdc
P:\Bomberman\DX2DE\Debug\bombermanAnimation.xdc
P:\Bomberman\DX2DE\Debug\BundleEditor.xdc
P:\Bomberman\DX2DE\Debug\BundleSelect.xdc
P:\Bomberman\DX2DE\Debug\Button.xdc
P:\Bomberman\DX2DE\Debug\collisions.xdc
P:\Bomberman\DX2DE\Debug\Connection.xdc
P:\Bomberman\DX2DE\Debug\Continue.xdc
P:\Bomberman\DX2DE\Debug\Cursor.xdc
P:\Bomberman\DX2DE\Debug\d3d.xdc
P:\Bomberman\DX2DE\Debug\Dropdown.xdc
P:\Bomberman\DX2DE\Debug\DynamicDropdown.xdc
P:\Bomberman\DX2DE\Debug\EData.xdc
P:\Bomberman\DX2DE\Debug\Editor.xdc
P:\Bomberman\DX2DE\Debug\EditorCamera.xdc
P:\Bomberman\DX2DE\Debug\EditorGrid.xdc
P:\Bomberman\DX2DE\Debug\EditorMenu.xdc
P:\Bomberman\DX2DE\Debug\EditorTile.xdc
P:\Bomberman\DX2DE\Debug\EditorWaypoint.xdc
P:\Bomberman\DX2DE\Debug\Enemy.xdc
P:\Bomberman\DX2DE\Debug\fire.xdc
P:\Bomberman\DX2DE\Debug\fireManager.xdc
P:\Bomberman\DX2DE\Debug\font.xdc
P:\Bomberman\DX2DE\Debug\fontshaderOBSOLETE.xdc
P:\Bomberman\DX2DE\Debug\fps.xdc
P:\Bomberman\DX2DE\Debug\GameMenu.xdc
P:\Bomberman\DX2DE\Debug\Global.xdc
P:\Bomberman\DX2DE\Debug\GUITestLevel.xdc
P:\Bomberman\DX2DE\Debug\heli.xdc
P:\Bomberman\DX2DE\Debug\HUD.xdc
P:\Bomberman\DX2DE\Debug\INIReader.xdc
P:\Bomberman\DX2DE\Debug\Input.xdc
P:\Bomberman\DX2DE\Debug\inputOLD.xdc
P:\Bomberman\DX2DE\Debug\LData.xdc
P:\Bomberman\DX2DE\Debug\Level.xdc
P:\Bomberman\DX2DE\Debug\LevelBundle.xdc
P:\Bomberman\DX2DE\Debug\LevelData.xdc
P:\Bomberman\DX2DE\Debug\LevelEditor.xdc
P:\Bomberman\DX2DE\Debug\LevelEditorEnemies.xdc
P:\Bomberman\DX2DE\Debug\LevelEditorEnvironment.xdc
P:\Bomberman\DX2DE\Debug\LevelEditorWaypointRender.xdc
P:\Bomberman\DX2DE\Debug\LevelInfo.xdc
P:\Bomberman\DX2DE\Debug\levelManager.xdc
P:\Bomberman\DX2DE\Debug\LevelSelect.xdc
P:\Bomberman\DX2DE\Debug\loading.xdc
P:\Bomberman\DX2DE\Debug\MadBomb.xdc
P:\Bomberman\DX2DE\Debug\MadGuy.xdc
P:\Bomberman\DX2DE\Debug\main.xdc
P:\Bomberman\DX2DE\Debug\MainMenu.xdc
P:\Bomberman\DX2DE\Debug\MenuManager.xdc
P:\Bomberman\DX2DE\Debug\MenuMenu.xdc
P:\Bomberman\DX2DE\Debug\MessagePrompt.xdc
P:\Bomberman\DX2DE\Debug\NewEditor.xdc
P:\Bomberman\DX2DE\Debug\Node.xdc
P:\Bomberman\DX2DE\Debug\OldEditor.xdc
P:\Bomberman\DX2DE\Debug\orthographiccamera.xdc
P:\Bomberman\DX2DE\Debug\Pathfinding.xdc
P:\Bomberman\DX2DE\Debug\Powers.xdc
P:\Bomberman\DX2DE\Debug\Rabbit.xdc
P:\Bomberman\DX2DE\Debug\Seeker.xdc
P:\Bomberman\DX2DE\Debug\StartMenu.xdc
P:\Bomberman\DX2DE\Debug\static2D.xdc
P:\Bomberman\DX2DE\Debug\stats.xdc
P:\Bomberman\DX2DE\Debug\systemclass.xdc
P:\Bomberman\DX2DE\Debug\text.xdc
P:\Bomberman\DX2DE\Debug\TextBox.xdc
P:\Bomberman\DX2DE\Debug\textureclass.xdc
P:\Bomberman\DX2DE\Debug\textureshader.xdc
P:\Bomberman\DX2DE\Debug\tileCharacter.xdc
P:\Bomberman\DX2DE\Debug\TileType.xdc
P:\Bomberman\DX2DE\Debug\time.xdc
P:\Bomberman\DX2DE\Debug\Util.xdc
P:\Bomberman\DX2DE\Debug\Waypoint.xdc
P:\Bomberman\DX2DE\Debug\yellow.xdc
P:\Bomberman\DX2DE\Debug\vc110.pdb
P:\Bomberman\Debug\Bomberman.pdb
P:\Bomberman\Debug\Bomberman.exe
P:\Bomberman\Debug\Bomberman.ilk
